<?xml version="1.0" encoding="UTF-8"?>
<!-- Generated by org.testng.reporters.JUnitXMLReporter -->
<testsuite ignored="0" hostname="Pavs" failures="0" tests="3" name="Default test" time="30.866" errors="0" timestamp="2026-07-02T14:18:42 IST">
  <testcase classname="testNGPractice.FacebookLogin_MultipleUsers" name="doLogin" time="0.809"/>
  <testcase classname="testNGPractice.FacebookLogin_MultipleUsers" name="doLogin" time="0.934"/>
  <testcase classname="testNGPractice.FacebookLogin_MultipleUsers" name="doLogin" time="1.128"/>
</testsuite> <!-- Default test -->
