<?xml version="1.0" encoding="UTF-8"?>
<!-- Generated by org.testng.reporters.JUnitXMLReporter -->
<testsuite ignored="0" hostname="Pavs" failures="0" tests="2" name="Parameterization using xml" time="0.153" errors="0" timestamp="2026-06-30T16:36:35 IST">
  <testcase classname="testNGPractice.Parameterization_xmlPractice" name="openWebsite" time="0.026"/>
  <testcase classname="testNGPractice.Parameterization_xmlPractice2" name="closeWebsite" time="0.005"/>
</testsuite> <!-- Parameterization using xml -->
