<?xml version="1.0" encoding="UTF-8"?>
<!-- Generated by org.testng.reporters.JUnitXMLReporter -->
<testsuite ignored="0" hostname="Pavs" failures="0" tests="5" name="Test" time="0.073" errors="0" timestamp="2026-06-30T15:09:34 IST">
  <testcase classname="testNGPractice.testNGPriority" name="p2" time="0.011"/>
  <testcase classname="testNGPractice.testNGPriority" name="p1" time="0.013"/>
  <testcase classname="testNGPractice.testNGPriority" name="p11" time="0.014"/>
  <testcase classname="testNGPractice.testNGPriority" name="p20" time="0.015"/>
  <testcase classname="testNGPractice.testNGAnnotations" name="loadUrl" time="0.013"/>
</testsuite> <!-- Test -->
