<?xml version="1.0" encoding="UTF-8"?>
<testng-results ignored="0" total="3" passed="3" failed="0" skipped="0">
  <reporter-output>
  </reporter-output>
  <suite started-at="2026-07-02T14:18:12 IST" name="Default suite" finished-at="2026-07-02T14:18:42 IST" duration-ms="30866">
    <groups>
    </groups>
    <test started-at="2026-07-02T14:18:12 IST" name="Default test" finished-at="2026-07-02T14:18:42 IST" duration-ms="30866">
      <class name="testNGPractice.FacebookLogin_MultipleUsers">
        <test-method is-config="true" signature="launchBrowser()[pri:0, instance:testNGPractice.FacebookLogin_MultipleUsers@1dde4cb2]" started-at="2026-07-02T14:18:13 IST" name="launchBrowser" finished-at="2026-07-02T14:18:25 IST" duration-ms="11979" status="PASS">
          <reporter-output>
          </reporter-output>
        </test-method> <!-- launchBrowser -->
        <test-method signature="doLogin(java.lang.String,java.lang.String)[pri:0, instance:testNGPractice.FacebookLogin_MultipleUsers@1dde4cb2]" started-at="2026-07-02T14:18:25 IST" name="doLogin" data-provider="dp" finished-at="2026-07-02T14:18:26 IST" duration-ms="809" status="PASS">
          <params>
            <param index="0">
              <value>
                <![CDATA[pb@gmail.com]]>
              </value>
            </param>
            <param index="1">
              <value>
                <![CDATA[1234.0]]>
              </value>
            </param>
          </params>
          <reporter-output>
          </reporter-output>
        </test-method> <!-- doLogin -->
        <test-method is-config="true" signature="closeBrowser()[pri:0, instance:testNGPractice.FacebookLogin_MultipleUsers@1dde4cb2]" started-at="2026-07-02T14:18:26 IST" name="closeBrowser" finished-at="2026-07-02T14:18:27 IST" duration-ms="559" status="PASS">
          <reporter-output>
          </reporter-output>
        </test-method> <!-- closeBrowser -->
        <test-method is-config="true" signature="launchBrowser()[pri:0, instance:testNGPractice.FacebookLogin_MultipleUsers@1dde4cb2]" started-at="2026-07-02T14:18:27 IST" name="launchBrowser" finished-at="2026-07-02T14:18:33 IST" duration-ms="6307" status="PASS">
          <reporter-output>
          </reporter-output>
        </test-method> <!-- launchBrowser -->
        <test-method signature="doLogin(java.lang.String,java.lang.String)[pri:0, instance:testNGPractice.FacebookLogin_MultipleUsers@1dde4cb2]" started-at="2026-07-02T14:18:33 IST" name="doLogin" data-provider="dp" finished-at="2026-07-02T14:18:34 IST" duration-ms="934" status="PASS">
          <params>
            <param index="0">
              <value>
                <![CDATA[csa@gmail.com]]>
              </value>
            </param>
            <param index="1">
              <value>
                <![CDATA[dqw123]]>
              </value>
            </param>
          </params>
          <reporter-output>
          </reporter-output>
        </test-method> <!-- doLogin -->
        <test-method is-config="true" signature="closeBrowser()[pri:0, instance:testNGPractice.FacebookLogin_MultipleUsers@1dde4cb2]" started-at="2026-07-02T14:18:34 IST" name="closeBrowser" finished-at="2026-07-02T14:18:34 IST" duration-ms="485" status="PASS">
          <reporter-output>
          </reporter-output>
        </test-method> <!-- closeBrowser -->
        <test-method is-config="true" signature="launchBrowser()[pri:0, instance:testNGPractice.FacebookLogin_MultipleUsers@1dde4cb2]" started-at="2026-07-02T14:18:34 IST" name="launchBrowser" finished-at="2026-07-02T14:18:41 IST" duration-ms="6322" status="PASS">
          <reporter-output>
          </reporter-output>
        </test-method> <!-- launchBrowser -->
        <test-method signature="doLogin(java.lang.String,java.lang.String)[pri:0, instance:testNGPractice.FacebookLogin_MultipleUsers@1dde4cb2]" started-at="2026-07-02T14:18:41 IST" name="doLogin" data-provider="dp" finished-at="2026-07-02T14:18:42 IST" duration-ms="1128" status="PASS">
          <params>
            <param index="0">
              <value>
                <![CDATA[asjsdh@yahoo.com]]>
              </value>
            </param>
            <param index="1">
              <value>
                <![CDATA[ewrewr32]]>
              </value>
            </param>
          </params>
          <reporter-output>
          </reporter-output>
        </test-method> <!-- doLogin -->
        <test-method is-config="true" signature="closeBrowser()[pri:0, instance:testNGPractice.FacebookLogin_MultipleUsers@1dde4cb2]" started-at="2026-07-02T14:18:42 IST" name="closeBrowser" finished-at="2026-07-02T14:18:42 IST" duration-ms="522" status="PASS">
          <reporter-output>
          </reporter-output>
        </test-method> <!-- closeBrowser -->
      </class> <!-- testNGPractice.FacebookLogin_MultipleUsers -->
    </test> <!-- Default test -->
  </suite> <!-- Default suite -->
</testng-results>
