<?xml version="1.0" encoding="UTF-8"?>
<!-- Generated by org.testng.reporters.JUnitReportReporter -->
<testsuite hostname="Pavs" failures="0" tests="4" name="testNGPractice.testNGPriority" time="0.053" errors="0" timestamp="2026-06-30T15:09:35 IST" skipped="0">
  <testcase classname="testNGPractice.testNGPriority" name="p2" time="0.011"/>
  <testcase classname="testNGPractice.testNGPriority" name="p1" time="0.013"/>
  <testcase classname="testNGPractice.testNGPriority" name="p11" time="0.014"/>
  <testcase classname="testNGPractice.testNGPriority" name="p20" time="0.015"/>
</testsuite> <!-- testNGPractice.testNGPriority -->
