<?xml version="1.0" encoding="UTF-8"?>
<!-- Generated by org.testng.reporters.JUnitReportReporter -->
<testsuite hostname="Pavs" failures="0" tests="3" name="FacebookLogin_MultipleUsers" time="9.818" errors="0" timestamp="2026-07-02T13:33:25 IST" skipped="0">
  <testcase classname="FacebookLogin_MultipleUsers" name="doLogin" time="1.731"/>
  <testcase classname="FacebookLogin_MultipleUsers" name="doLogin" time="6.004"/>
  <testcase classname="FacebookLogin_MultipleUsers" name="doLogin" time="2.083"/>
</testsuite> <!-- FacebookLogin_MultipleUsers -->
