<?xml version="1.0" encoding="UTF-8"?>
<!-- Generated by org.testng.reporters.JUnitReportReporter -->
<testsuite hostname="Pavs" failures="0" tests="3" name="testNGPractice.FacebookLogin_MultipleUsers" time="29.045" errors="0" timestamp="2026-07-02T14:18:43 IST" skipped="0">
  <testcase classname="testNGPractice.FacebookLogin_MultipleUsers" name="doLogin" time="13.435"/>
  <testcase classname="testNGPractice.FacebookLogin_MultipleUsers" name="doLogin" time="7.675"/>
  <testcase classname="testNGPractice.FacebookLogin_MultipleUsers" name="doLogin" time="7.935"/>
</testsuite> <!-- testNGPractice.FacebookLogin_MultipleUsers -->
